Determining if the pthread_create exist failed with the following output:
Change Dir: /home/ustb/0/build/CMakeFiles/CMakeTmp

Run Build Command:"/usr/bin/make" "cmTC_36ec4/fast"
/usr/bin/make -f CMakeFiles/cmTC_36ec4.dir/build.make CMakeFiles/cmTC_36ec4.dir/build
make[1]: Entering directory '/home/ustb/0/build/CMakeFiles/CMakeTmp'
Building C object CMakeFiles/cmTC_36ec4.dir/CheckSymbolExists.c.o
/usr/bin/cc    -o CMakeFiles/cmTC_36ec4.dir/CheckSymbolExists.c.o   -c /home/ustb/0/build/CMakeFiles/CMakeTmp/CheckSymbolExists.c
Linking C executable cmTC_36ec4
/usr/bin/cmake -E cmake_link_script CMakeFiles/cmTC_36ec4.dir/link.txt --verbose=1
/usr/bin/cc      -rdynamic CMakeFiles/cmTC_36ec4.dir/CheckSymbolExists.c.o  -o cmTC_36ec4 
CMakeFiles/cmTC_36ec4.dir/CheckSymbolExists.c.o: In function `main':
CheckSymbolExists.c:(.text+0x1b): undefined reference to `pthread_create'
collect2: error: ld returned 1 exit status
CMakeFiles/cmTC_36ec4.dir/build.make:97: recipe for target 'cmTC_36ec4' failed
make[1]: *** [cmTC_36ec4] Error 1
make[1]: Leaving directory '/home/ustb/0/build/CMakeFiles/CMakeTmp'
Makefile:126: recipe for target 'cmTC_36ec4/fast' failed
make: *** [cmTC_36ec4/fast] Error 2

File /home/ustb/0/build/CMakeFiles/CMakeTmp/CheckSymbolExists.c:
/* */
#include <pthread.h>

int main(int argc, char** argv)
{
  (void)argv;
#ifndef pthread_create
  return ((int*)(&pthread_create))[argc];
#else
  (void)argc;
  return 0;
#endif
}

Determining if the function pthread_create exists in the pthreads failed with the following output:
Change Dir: /home/ustb/0/build/CMakeFiles/CMakeTmp

Run Build Command:"/usr/bin/make" "cmTC_ca9f6/fast"
/usr/bin/make -f CMakeFiles/cmTC_ca9f6.dir/build.make CMakeFiles/cmTC_ca9f6.dir/build
make[1]: Entering directory '/home/ustb/0/build/CMakeFiles/CMakeTmp'
Building C object CMakeFiles/cmTC_ca9f6.dir/CheckFunctionExists.c.o
/usr/bin/cc   -DCHECK_FUNCTION_EXISTS=pthread_create   -o CMakeFiles/cmTC_ca9f6.dir/CheckFunctionExists.c.o   -c /usr/share/cmake-3.10/Modules/CheckFunctionExists.c
Linking C executable cmTC_ca9f6
/usr/bin/cmake -E cmake_link_script CMakeFiles/cmTC_ca9f6.dir/link.txt --verbose=1
/usr/bin/cc  -DCHECK_FUNCTION_EXISTS=pthread_create    -rdynamic CMakeFiles/cmTC_ca9f6.dir/CheckFunctionExists.c.o  -o cmTC_ca9f6 -lpthreads 
/usr/bin/ld: cannot find -lpthreads
collect2: error: ld returned 1 exit status
CMakeFiles/cmTC_ca9f6.dir/build.make:97: recipe for target 'cmTC_ca9f6' failed
make[1]: *** [cmTC_ca9f6] Error 1
make[1]: Leaving directory '/home/ustb/0/build/CMakeFiles/CMakeTmp'
Makefile:126: recipe for target 'cmTC_ca9f6/fast' failed
make: *** [cmTC_ca9f6/fast] Error 2


Determining if the function pcap_get_pfring_id exists failed with the following output:
Change Dir: /home/ustb/0/build/CMakeFiles/CMakeTmp

Run Build Command:"/usr/bin/make" "cmTC_abe89/fast"
/usr/bin/make -f CMakeFiles/cmTC_abe89.dir/build.make CMakeFiles/cmTC_abe89.dir/build
make[1]: Entering directory '/home/ustb/0/build/CMakeFiles/CMakeTmp'
Building C object CMakeFiles/cmTC_abe89.dir/CheckFunctionExists.c.o
/usr/bin/cc   -DCHECK_FUNCTION_EXISTS=pcap_get_pfring_id   -o CMakeFiles/cmTC_abe89.dir/CheckFunctionExists.c.o   -c /usr/share/cmake-3.10/Modules/CheckFunctionExists.c
Linking C executable cmTC_abe89
/usr/bin/cmake -E cmake_link_script CMakeFiles/cmTC_abe89.dir/link.txt --verbose=1
/usr/bin/cc  -DCHECK_FUNCTION_EXISTS=pcap_get_pfring_id    -rdynamic CMakeFiles/cmTC_abe89.dir/CheckFunctionExists.c.o  -o cmTC_abe89 /usr/lib/x86_64-linux-gnu/libpcap.so 
CMakeFiles/cmTC_abe89.dir/CheckFunctionExists.c.o: In function `main':
CheckFunctionExists.c:(.text+0x10): undefined reference to `pcap_get_pfring_id'
collect2: error: ld returned 1 exit status
CMakeFiles/cmTC_abe89.dir/build.make:98: recipe for target 'cmTC_abe89' failed
make[1]: *** [cmTC_abe89] Error 1
make[1]: Leaving directory '/home/ustb/0/build/CMakeFiles/CMakeTmp'
Makefile:126: recipe for target 'cmTC_abe89/fast' failed
make: *** [cmTC_abe89/fast] Error 2


